<?xml version="1.0" encoding="UTF-8"?>
<testsuite xmlns:xsi="http://www.w3.org/2001/XMLSchema-instance" xsi:noNamespaceSchemaLocation="https://maven.apache.org/surefire/maven-surefire-plugin/xsd/surefire-test-report.xsd" version="3.0.2" name="com.home_server.fileshare.FileshareApplicationTests" time="2.534" tests="1" errors="0" skipped="0" failures="0">
  <properties>
[...]
</properties>
  <testcase name="contextLoads" classname="com.home_server.fileshare.FileshareApplicationTests" time="0.53">
    <system-out><![CDATA[12:53:05.829 [main] INFO org.springframework.test.context.support.AnnotationConfigContextLoaderUtils -- Could not detect default configuration classes for test class [com.home_server.fileshare.FileshareApplicationTests]: FileshareApplicationTests does not declare any static, non-private, non-final, nested classes annotated with @Configuration.
12:53:05.893 [main] INFO org.springframework.boot.test.context.SpringBootTestContextBootstrapper -- Found @SpringBootConfiguration com.home_server.fileshare.FileshareApplication for test class com.home_server.fileshare.FileshareApplicationTests

  .   ____          _            __ _ _
 /\\ / ___'_ __ _ _(_)_ __  __ _ \ \ \ \
( ( )\___ | '_ | '_| | '_ \/ _` | \ \ \ \
 \\/  ___)| |_)| | | | | || (_| |  ) ) ) )
  '  |____| .__|_| |_|_| |_\__, | / / / /
 =========|_|==============|___/=/_/_/_/

 :: Spring Boot ::                (v3.4.0)

2025-01-30T12:53:06.160+05:30  INFO 40792 --- [fileshare] [           main] c.h.fileshare.FileshareApplicationTests  : Starting FileshareApplicationTests using Java 17.0.13 with PID 40792 (started by souranil in /home/souranil/Source-Code/Fileshare)
2025-01-30T12:53:06.161+05:30  INFO 40792 --- [fileshare] [           main] c.h.fileshare.FileshareApplicationTests  : No active profile set, falling back to 1 default profile: "default"
2025-01-30T12:53:06.995+05:30  INFO 40792 --- [fileshare] [           main] r$InitializeUserDetailsManagerConfigurer : Global AuthenticationManager configured with UserDetailsService bean with name usercredentials
2025-01-30T12:53:07.285+05:30  INFO 40792 --- [fileshare] [           main] o.s.b.a.e.web.EndpointLinksResolver      : Exposing 1 endpoint beneath base path '/actuator'
2025-01-30T12:53:07.657+05:30  INFO 40792 --- [fileshare] [           main] c.h.fileshare.FileshareApplicationTests  : Started FileshareApplicationTests in 1.677 seconds (process running for 2.284)
]]></system-out>
  </testcase>
</testsuite>